<?xml version="1.0" encoding="UTF-8"?>
<!-- Generated by org.testng.reporters.JUnitReportReporter -->
<testsuite skipped="0" hostname="DESKTOP-SVK5H14" name="Authentication.BearerTokenTest" tests="1" failures="0" timestamp="2022-09-08T22:57:14 IST" time="5.524" errors="0">
  <testcase name="bearertokentest" time="5.524" classname="Authentication.BearerTokenTest"/>
  <system-out/>
</testsuite> <!-- Authentication.BearerTokenTest -->
