<?xml version="1.0" encoding="UTF-8"?>
<!-- Generated by org.testng.reporters.JUnitReportReporter -->
<testsuite skipped="0" hostname="DESKTOP-SVK5H14" name="DifferentWaysParameters.QueryparameterTest" tests="1" failures="0" timestamp="2022-09-06T12:10:22 IST" time="4.591" errors="0">
  <testcase name="queryparamtest" time="4.591" classname="DifferentWaysParameters.QueryparameterTest"/>
  <system-out/>
</testsuite> <!-- DifferentWaysParameters.QueryparameterTest -->
