<?xml version="1.0" encoding="UTF-8"?>
<!-- Generated by org.testng.reporters.JUnitReportReporter -->
<testsuite skipped="0" hostname="DESKTOP-SVK5H14" name="crudOperationWithBDD.Addproject" tests="1" failures="0" timestamp="2022-10-12T22:40:40 IST" time="5.026" errors="0">
  <testcase name="create" time="5.026" classname="crudOperationWithBDD.Addproject"/>
  <system-out/>
</testsuite> <!-- crudOperationWithBDD.Addproject -->
