<?xml version="1.0" encoding="UTF-8"?>
<!-- Generated by org.testng.reporters.JUnitReportReporter -->
<testsuite skipped="0" hostname="DESKTOP-SVK5H14" name="com.api.reqresassignment.addprojectTest" tests="1" failures="0" timestamp="2022-09-05T11:00:19 IST" time="6.503" errors="0">
  <testcase name="adprojtest" time="6.503" classname="com.api.reqresassignment.addprojectTest"/>
  <system-out/>
</testsuite> <!-- com.api.reqresassignment.addprojectTest -->
