<?xml version="1.0" encoding="UTF-8"?>
<!-- Generated by org.testng.reporters.JUnitReportReporter -->
<testsuite skipped="0" hostname="DESKTOP-SVK5H14" name="crudOperationWithBDD.UpdateProjectTest" tests="1" failures="0" timestamp="2022-09-08T18:53:43 IST" time="4.203" errors="0">
  <testcase name="updatep" time="4.203" classname="crudOperationWithBDD.UpdateProjectTest"/>
  <system-out/>
</testsuite> <!-- crudOperationWithBDD.UpdateProjectTest -->
