<?xml version="1.0" encoding="UTF-8"?>
<!-- Generated by org.testng.reporters.JUnitReportReporter -->
<testsuite skipped="0" hostname="DESKTOP-SVK5H14" name="com.api.reqresassignment.getprojectTest" tests="1" failures="0" timestamp="2022-09-05T11:05:35 IST" time="5.388" errors="0">
  <testcase name="readprojtest" time="5.388" classname="com.api.reqresassignment.getprojectTest"/>
  <system-out/>
</testsuite> <!-- com.api.reqresassignment.getprojectTest -->
