<?xml version="1.0" encoding="UTF-8"?>
<!-- Generated by org.testng.reporters.JUnitReportReporter -->
<testsuite skipped="0" hostname="DESKTOP-SVK5H14" name="com.api.reqresassignment.UpdateprojectTest" tests="1" failures="0" timestamp="2022-09-05T11:22:23 IST" time="6.438" errors="0">
  <testcase name="updateprojtest" time="6.438" classname="com.api.reqresassignment.UpdateprojectTest"/>
  <system-out/>
</testsuite> <!-- com.api.reqresassignment.UpdateprojectTest -->
