<?xml version="1.0" encoding="UTF-8"?>
<!-- Generated by org.testng.reporters.JUnitReportReporter -->
<testsuite skipped="0" hostname="DESKTOP-SVK5H14" name="com.api.reqresassignment.patchprojTest" tests="1" failures="0" timestamp="2022-09-05T11:25:29 IST" time="6.699" errors="0">
  <testcase name="patchpojtest" time="6.699" classname="com.api.reqresassignment.patchprojTest"/>
  <system-out/>
</testsuite> <!-- com.api.reqresassignment.patchprojTest -->
