<?xml version="1.0" encoding="UTF-8"?>
<!-- Generated by org.testng.reporters.JUnitReportReporter -->
<testsuite hostname="DESKTOP-SVK5H14" failures="0" tests="1" name="CrudoperationwithoutBDD.GetProjectTest" time="3.607" errors="0" timestamp="2022-09-02T11:03:41 IST" skipped="0">
  <testcase classname="CrudoperationwithoutBDD.GetProjectTest" name="getAllProject" time="3.607"/>
  <system-out/>
</testsuite> <!-- CrudoperationwithoutBDD.GetProjectTest -->
