<?xml version="1.0" encoding="UTF-8"?>
<!-- Generated by org.testng.reporters.JUnitReportReporter -->
<testsuite skipped="0" hostname="DESKTOP-SVK5H14" name="crudOperationWithBDD.GetProjectsTest" tests="1" failures="0" timestamp="2022-09-08T18:47:35 IST" time="3.840" errors="0">
  <testcase name="readproject" time="3.840" classname="crudOperationWithBDD.GetProjectsTest"/>
  <system-out/>
</testsuite> <!-- crudOperationWithBDD.GetProjectsTest -->
