<?xml version="1.0" encoding="UTF-8"?>
<!-- Generated by org.testng.reporters.JUnitReportReporter -->
<testsuite skipped="0" hostname="DESKTOP-SVK5H14" name="com.api.reqresassignment.getAllprojectTest" tests="1" failures="0" timestamp="2022-09-05T11:14:19 IST" time="5.435" errors="0">
  <testcase name="readallproj" time="5.435" classname="com.api.reqresassignment.getAllprojectTest"/>
  <system-out/>
</testsuite> <!-- com.api.reqresassignment.getAllprojectTest -->
